[2023-10-26T04:52:46.471+0000] {taskinstance.py:1157} INFO - Dependencies all met for dep_context=non-requeueable deps ti=<TaskInstance: etl_dag.load_data manual__2023-10-26T04:47:36.005685+00:00 [queued]>
[2023-10-26T04:52:46.490+0000] {taskinstance.py:1157} INFO - Dependencies all met for dep_context=requeueable deps ti=<TaskInstance: etl_dag.load_data manual__2023-10-26T04:47:36.005685+00:00 [queued]>
[2023-10-26T04:52:46.491+0000] {taskinstance.py:1359} INFO - Starting attempt 2 of 3
[2023-10-26T04:52:46.508+0000] {taskinstance.py:1380} INFO - Executing <Task(PythonOperator): load_data> on 2023-10-26 04:47:36.005685+00:00
[2023-10-26T04:52:46.516+0000] {standard_task_runner.py:57} INFO - Started process 1804 to run task
[2023-10-26T04:52:46.519+0000] {standard_task_runner.py:84} INFO - Running: ['***', 'tasks', 'run', 'etl_dag', 'load_data', 'manual__2023-10-26T04:47:36.005685+00:00', '--job-id', '253', '--raw', '--subdir', 'DAGS_FOLDER/tugaskel8_dag.py', '--cfg-path', '/tmp/tmpn3sus4wm']
[2023-10-26T04:52:46.524+0000] {standard_task_runner.py:85} INFO - Job 253: Subtask load_data
[2023-10-26T04:52:46.580+0000] {task_command.py:415} INFO - Running <TaskInstance: etl_dag.load_data manual__2023-10-26T04:47:36.005685+00:00 [running]> on host d73c1ff20372
[2023-10-26T04:52:46.937+0000] {taskinstance.py:1660} INFO - Exporting env vars: AIRFLOW_CTX_DAG_OWNER='kel8' AIRFLOW_CTX_DAG_ID='etl_dag' AIRFLOW_CTX_TASK_ID='load_data' AIRFLOW_CTX_EXECUTION_DATE='2023-10-26T04:47:36.005685+00:00' AIRFLOW_CTX_TRY_NUMBER='2' AIRFLOW_CTX_DAG_RUN_ID='manual__2023-10-26T04:47:36.005685+00:00'
[2023-10-26T04:52:47.101+0000] {base.py:73} INFO - Using connection ID 'db_polusiudara' for task execution.
[2023-10-26T04:52:48.477+0000] {taskinstance.py:1935} ERROR - Task failed with exception
Traceback (most recent call last):
  File "/home/airflow/.local/lib/python3.8/site-packages/sqlalchemy/engine/base.py", line 1890, in _execute_context
    self.dialect.do_executemany(
  File "/home/airflow/.local/lib/python3.8/site-packages/sqlalchemy/dialects/postgresql/psycopg2.py", line 982, in do_executemany
    context._psycopg2_fetched_rows = xtras.execute_values(
  File "/home/airflow/.local/lib/python3.8/site-packages/psycopg2/extras.py", line 1296, in execute_values
    parts.append(cur.mogrify(template, args))
psycopg2.ProgrammingError: can't adapt type 'numpy.ndarray'

The above exception was the direct cause of the following exception:

Traceback (most recent call last):
  File "/home/airflow/.local/lib/python3.8/site-packages/airflow/operators/python.py", line 192, in execute
    return_value = self.execute_callable()
  File "/home/airflow/.local/lib/python3.8/site-packages/airflow/operators/python.py", line 209, in execute_callable
    return self.python_callable(*self.op_args, **self.op_kwargs)
  File "/opt/airflow/dags/tugaskel8_dag.py", line 46, in load_data
    final_df.to_sql('hands_on_final',hook.get_sqlalchemy_engine(),if_exists='replace')
  File "/home/airflow/.local/lib/python3.8/site-packages/pandas/core/generic.py", line 2878, in to_sql
    return sql.to_sql(
  File "/home/airflow/.local/lib/python3.8/site-packages/pandas/io/sql.py", line 769, in to_sql
    return pandas_sql.to_sql(
  File "/home/airflow/.local/lib/python3.8/site-packages/pandas/io/sql.py", line 1920, in to_sql
    total_inserted = sql_engine.insert_records(
  File "/home/airflow/.local/lib/python3.8/site-packages/pandas/io/sql.py", line 1470, in insert_records
    raise err
  File "/home/airflow/.local/lib/python3.8/site-packages/pandas/io/sql.py", line 1461, in insert_records
    return table.insert(chunksize=chunksize, method=method)
  File "/home/airflow/.local/lib/python3.8/site-packages/pandas/io/sql.py", line 1023, in insert
    num_inserted = exec_insert(conn, keys, chunk_iter)
  File "/home/airflow/.local/lib/python3.8/site-packages/pandas/io/sql.py", line 929, in _execute_insert
    result = conn.execute(self.table.insert(), data)
  File "/home/airflow/.local/lib/python3.8/site-packages/sqlalchemy/engine/base.py", line 1385, in execute
    return meth(self, multiparams, params, _EMPTY_EXECUTION_OPTS)
  File "/home/airflow/.local/lib/python3.8/site-packages/sqlalchemy/sql/elements.py", line 334, in _execute_on_connection
    return connection._execute_clauseelement(
  File "/home/airflow/.local/lib/python3.8/site-packages/sqlalchemy/engine/base.py", line 1577, in _execute_clauseelement
    ret = self._execute_context(
  File "/home/airflow/.local/lib/python3.8/site-packages/sqlalchemy/engine/base.py", line 1953, in _execute_context
    self._handle_dbapi_exception(
  File "/home/airflow/.local/lib/python3.8/site-packages/sqlalchemy/engine/base.py", line 2134, in _handle_dbapi_exception
    util.raise_(
  File "/home/airflow/.local/lib/python3.8/site-packages/sqlalchemy/util/compat.py", line 211, in raise_
    raise exception
  File "/home/airflow/.local/lib/python3.8/site-packages/sqlalchemy/engine/base.py", line 1890, in _execute_context
    self.dialect.do_executemany(
  File "/home/airflow/.local/lib/python3.8/site-packages/sqlalchemy/dialects/postgresql/psycopg2.py", line 982, in do_executemany
    context._psycopg2_fetched_rows = xtras.execute_values(
  File "/home/airflow/.local/lib/python3.8/site-packages/psycopg2/extras.py", line 1296, in execute_values
    parts.append(cur.mogrify(template, args))
sqlalchemy.exc.ProgrammingError: (psycopg2.ProgrammingError) can't adapt type 'numpy.ndarray'
[SQL: INSERT INTO hands_on_final (index, id, city, name, entity, country, sources, "isMobile", "isAnalysis", parameters, "sensorType", coordinates, "lastUpdated", "firstUpdated", measurements, bounds, manufacturers) VALUES (%(index)s, %(id)s, %(city)s, %(name)s, %(entity)s, %(country)s, %(sources)s, %(isMobile)s, %(isAnalysis)s, %(parameters)s, %(sensorType)s, %(coordinates)s, %(lastUpdated)s, %(firstUpdated)s, %(measurements)s, %(bounds)s, %(manufacturers)s)]
[parameters: ({'index': 0, 'id': 8637, 'city': 'Jakarta', 'name': 'US Diplomatic Post: Jakarta Central', 'entity': None, 'country': 'ID', 'sources': None, 'isMobile': False, 'isAnalysis': None, 'parameters': array([{'average': -0.8667913117546998, 'count': 6669, 'displayName': 'o3 ppm', 'firstUpdated': '2022-11-03T20:00:00+00:00', 'id': 10, 'lastUpdated':  ... (280 characters truncated) ... '2023-10-26T11:00:00+00:00', 'lastValue': -999.0, 'manufacturers': None, 'parameter': 'pm25', 'parameterId': 2, 'unit': 'µg/m³'}],
      dtype=object), 'sensorType': None, 'coordinates': {'latitude': -6.182536, 'longitude': 106.834236}, 'lastUpdated': '2023-10-26T11:00:00+00:00', 'firstUpdated': '2016-11-09T17:00:00+00:00', 'measurements': 60484, 'bounds': array([106.834236,  -6.182536, 106.834236,  -6.182536]), 'manufacturers': array([{'manufacturerName': 'Unknown Governmental Organization', 'modelName': 'Government Monitor'}],
      dtype=object)}, {'index': 1, 'id': 2538, 'city': None, 'name': 'US Diplomatic Post: Jakarta Central', 'entity': None, 'country': 'ID', 'sources': None, 'isMobile': False, 'isAnalysis': None, 'parameters': array([{'average': 14.482791471344335, 'count': 6613, 'displayName': 'pm25 µg/m³', 'firstUpdated': '2016-01-30T01:00:00+00:00', 'id': 2, 'lastUpdated' ... (2 characters truncated) ... '2016-11-09T16:00:00+00:00', 'lastValue': -999.0, 'manufacturers': None, 'parameter': 'pm25', 'parameterId': 2, 'unit': 'µg/m³'}],
      dtype=object), 'sensorType': None, 'coordinates': {'latitude': -6.182382, 'longitude': 106.834094}, 'lastUpdated': '2016-11-09T16:00:00+00:00', 'firstUpdated': '2016-01-30T01:00:00+00:00', 'measurements': 6613, 'bounds': array([106.834094,  -6.182382, 106.834094,  -6.182382]), 'manufacturers': array([{'manufacturerName': 'Unknown Governmental Organization', 'modelName': 'Government Monitor'}],
      dtype=object)})]
(Background on this error at: https://sqlalche.me/e/14/f405)
[2023-10-26T04:52:48.506+0000] {taskinstance.py:1398} INFO - Marking task as UP_FOR_RETRY. dag_id=etl_dag, task_id=load_data, execution_date=20231026T044736, start_date=20231026T045246, end_date=20231026T045248
[2023-10-26T04:52:48.528+0000] {standard_task_runner.py:104} ERROR - Failed to execute job 253 for task load_data ((psycopg2.ProgrammingError) can't adapt type 'numpy.ndarray'
[SQL: INSERT INTO hands_on_final (index, id, city, name, entity, country, sources, "isMobile", "isAnalysis", parameters, "sensorType", coordinates, "lastUpdated", "firstUpdated", measurements, bounds, manufacturers) VALUES (%(index)s, %(id)s, %(city)s, %(name)s, %(entity)s, %(country)s, %(sources)s, %(isMobile)s, %(isAnalysis)s, %(parameters)s, %(sensorType)s, %(coordinates)s, %(lastUpdated)s, %(firstUpdated)s, %(measurements)s, %(bounds)s, %(manufacturers)s)]
[parameters: ({'index': 0, 'id': 8637, 'city': 'Jakarta', 'name': 'US Diplomatic Post: Jakarta Central', 'entity': None, 'country': 'ID', 'sources': None, 'isMobile': False, 'isAnalysis': None, 'parameters': array([{'average': -0.8667913117546998, 'count': 6669, 'displayName': 'o3 ppm', 'firstUpdated': '2022-11-03T20:00:00+00:00', 'id': 10, 'lastUpdated':  ... (280 characters truncated) ... '2023-10-26T11:00:00+00:00', 'lastValue': -999.0, 'manufacturers': None, 'parameter': 'pm25', 'parameterId': 2, 'unit': 'µg/m³'}],
      dtype=object), 'sensorType': None, 'coordinates': {'latitude': -6.182536, 'longitude': 106.834236}, 'lastUpdated': '2023-10-26T11:00:00+00:00', 'firstUpdated': '2016-11-09T17:00:00+00:00', 'measurements': 60484, 'bounds': array([106.834236,  -6.182536, 106.834236,  -6.182536]), 'manufacturers': array([{'manufacturerName': 'Unknown Governmental Organization', 'modelName': 'Government Monitor'}],
      dtype=object)}, {'index': 1, 'id': 2538, 'city': None, 'name': 'US Diplomatic Post: Jakarta Central', 'entity': None, 'country': 'ID', 'sources': None, 'isMobile': False, 'isAnalysis': None, 'parameters': array([{'average': 14.482791471344335, 'count': 6613, 'displayName': 'pm25 µg/m³', 'firstUpdated': '2016-01-30T01:00:00+00:00', 'id': 2, 'lastUpdated' ... (2 characters truncated) ... '2016-11-09T16:00:00+00:00', 'lastValue': -999.0, 'manufacturers': None, 'parameter': 'pm25', 'parameterId': 2, 'unit': 'µg/m³'}],
      dtype=object), 'sensorType': None, 'coordinates': {'latitude': -6.182382, 'longitude': 106.834094}, 'lastUpdated': '2016-11-09T16:00:00+00:00', 'firstUpdated': '2016-01-30T01:00:00+00:00', 'measurements': 6613, 'bounds': array([106.834094,  -6.182382, 106.834094,  -6.182382]), 'manufacturers': array([{'manufacturerName': 'Unknown Governmental Organization', 'modelName': 'Government Monitor'}],
      dtype=object)})]
(Background on this error at: https://sqlalche.me/e/14/f405); 1804)
[2023-10-26T04:52:48.582+0000] {local_task_job_runner.py:228} INFO - Task exited with return code 1
[2023-10-26T04:52:48.623+0000] {taskinstance.py:2776} INFO - 0 downstream tasks scheduled from follow-on schedule check
