[2023-10-26T05:33:08.169+0000] {taskinstance.py:1157} INFO - Dependencies all met for dep_context=non-requeueable deps ti=<TaskInstance: etl_dag.extract_data manual__2023-10-26T05:32:46.301549+00:00 [queued]>
[2023-10-26T05:33:08.187+0000] {taskinstance.py:1157} INFO - Dependencies all met for dep_context=requeueable deps ti=<TaskInstance: etl_dag.extract_data manual__2023-10-26T05:32:46.301549+00:00 [queued]>
[2023-10-26T05:33:08.188+0000] {taskinstance.py:1359} INFO - Starting attempt 1 of 3
[2023-10-26T05:33:08.211+0000] {taskinstance.py:1380} INFO - Executing <Task(PythonOperator): extract_data> on 2023-10-26 05:32:46.301549+00:00
[2023-10-26T05:33:08.228+0000] {standard_task_runner.py:57} INFO - Started process 1297 to run task
[2023-10-26T05:33:08.234+0000] {standard_task_runner.py:84} INFO - Running: ['***', 'tasks', 'run', 'etl_dag', 'extract_data', 'manual__2023-10-26T05:32:46.301549+00:00', '--job-id', '339', '--raw', '--subdir', 'DAGS_FOLDER/tugaskel8_dag.py', '--cfg-path', '/tmp/tmpsn5ilmpt']
[2023-10-26T05:33:08.238+0000] {standard_task_runner.py:85} INFO - Job 339: Subtask extract_data
[2023-10-26T05:33:08.320+0000] {task_command.py:415} INFO - Running <TaskInstance: etl_dag.extract_data manual__2023-10-26T05:32:46.301549+00:00 [running]> on host d73c1ff20372
[2023-10-26T05:33:18.678+0000] {taskinstance.py:1660} INFO - Exporting env vars: AIRFLOW_CTX_DAG_OWNER='kel8' AIRFLOW_CTX_DAG_ID='etl_dag' AIRFLOW_CTX_TASK_ID='extract_data' AIRFLOW_CTX_EXECUTION_DATE='2023-10-26T05:32:46.301549+00:00' AIRFLOW_CTX_TRY_NUMBER='1' AIRFLOW_CTX_DAG_RUN_ID='manual__2023-10-26T05:32:46.301549+00:00'
[2023-10-26T05:33:35.097+0000] {taskinstance.py:1935} ERROR - Task failed with exception
Traceback (most recent call last):
  File "/home/airflow/.local/lib/python3.8/site-packages/urllib3/connection.py", line 174, in _new_conn
    conn = connection.create_connection(
  File "/home/airflow/.local/lib/python3.8/site-packages/urllib3/util/connection.py", line 72, in create_connection
    for res in socket.getaddrinfo(host, port, family, socket.SOCK_STREAM):
  File "/usr/local/lib/python3.8/socket.py", line 918, in getaddrinfo
    for res in _socket.getaddrinfo(host, port, family, type, proto, flags):
socket.gaierror: [Errno -3] Temporary failure in name resolution

During handling of the above exception, another exception occurred:

Traceback (most recent call last):
  File "/home/airflow/.local/lib/python3.8/site-packages/urllib3/connectionpool.py", line 714, in urlopen
    httplib_response = self._make_request(
  File "/home/airflow/.local/lib/python3.8/site-packages/urllib3/connectionpool.py", line 403, in _make_request
    self._validate_conn(conn)
  File "/home/airflow/.local/lib/python3.8/site-packages/urllib3/connectionpool.py", line 1053, in _validate_conn
    conn.connect()
  File "/home/airflow/.local/lib/python3.8/site-packages/urllib3/connection.py", line 363, in connect
    self.sock = conn = self._new_conn()
  File "/home/airflow/.local/lib/python3.8/site-packages/urllib3/connection.py", line 186, in _new_conn
    raise NewConnectionError(
urllib3.exceptions.NewConnectionError: <urllib3.connection.HTTPSConnection object at 0x7fd9bf62bbb0>: Failed to establish a new connection: [Errno -3] Temporary failure in name resolution

During handling of the above exception, another exception occurred:

Traceback (most recent call last):
  File "/home/airflow/.local/lib/python3.8/site-packages/requests/adapters.py", line 486, in send
    resp = conn.urlopen(
  File "/home/airflow/.local/lib/python3.8/site-packages/urllib3/connectionpool.py", line 798, in urlopen
    retries = retries.increment(
  File "/home/airflow/.local/lib/python3.8/site-packages/urllib3/util/retry.py", line 592, in increment
    raise MaxRetryError(_pool, url, error or ResponseError(cause))
urllib3.exceptions.MaxRetryError: HTTPSConnectionPool(host='api.openaq.org', port=443): Max retries exceeded with url: /v2/locations?limit=100&page=1&offset=0&sort=desc&radius=1000&country=ID&order_by=lastUpdated&dump_raw=false (Caused by NewConnectionError('<urllib3.connection.HTTPSConnection object at 0x7fd9bf62bbb0>: Failed to establish a new connection: [Errno -3] Temporary failure in name resolution'))

During handling of the above exception, another exception occurred:

Traceback (most recent call last):
  File "/home/airflow/.local/lib/python3.8/site-packages/airflow/operators/python.py", line 192, in execute
    return_value = self.execute_callable()
  File "/home/airflow/.local/lib/python3.8/site-packages/airflow/operators/python.py", line 209, in execute_callable
    return self.python_callable(*self.op_args, **self.op_kwargs)
  File "/opt/airflow/dags/tugaskel8_dag.py", line 27, in extract_data
    response = requests.get(url, headers=headers)
  File "/home/airflow/.local/lib/python3.8/site-packages/requests/api.py", line 73, in get
    return request("get", url, params=params, **kwargs)
  File "/home/airflow/.local/lib/python3.8/site-packages/requests/api.py", line 59, in request
    return session.request(method=method, url=url, **kwargs)
  File "/home/airflow/.local/lib/python3.8/site-packages/requests/sessions.py", line 589, in request
    resp = self.send(prep, **send_kwargs)
  File "/home/airflow/.local/lib/python3.8/site-packages/requests/sessions.py", line 703, in send
    r = adapter.send(request, **kwargs)
  File "/home/airflow/.local/lib/python3.8/site-packages/requests/adapters.py", line 519, in send
    raise ConnectionError(e, request=request)
requests.exceptions.ConnectionError: HTTPSConnectionPool(host='api.openaq.org', port=443): Max retries exceeded with url: /v2/locations?limit=100&page=1&offset=0&sort=desc&radius=1000&country=ID&order_by=lastUpdated&dump_raw=false (Caused by NewConnectionError('<urllib3.connection.HTTPSConnection object at 0x7fd9bf62bbb0>: Failed to establish a new connection: [Errno -3] Temporary failure in name resolution'))
[2023-10-26T05:33:37.827+0000] {taskinstance.py:1398} INFO - Marking task as UP_FOR_RETRY. dag_id=etl_dag, task_id=extract_data, execution_date=20231026T053246, start_date=20231026T053308, end_date=20231026T053337
[2023-10-26T05:33:37.878+0000] {standard_task_runner.py:104} ERROR - Failed to execute job 339 for task extract_data (HTTPSConnectionPool(host='api.openaq.org', port=443): Max retries exceeded with url: /v2/locations?limit=100&page=1&offset=0&sort=desc&radius=1000&country=ID&order_by=lastUpdated&dump_raw=false (Caused by NewConnectionError('<urllib3.connection.HTTPSConnection object at 0x7fd9bf62bbb0>: Failed to establish a new connection: [Errno -3] Temporary failure in name resolution')); 1297)
[2023-10-26T05:33:38.108+0000] {local_task_job_runner.py:228} INFO - Task exited with return code 1
[2023-10-26T05:33:38.692+0000] {taskinstance.py:2776} INFO - 0 downstream tasks scheduled from follow-on schedule check
